[INFO ] 2022-10-12 16:36:26.088 [main] PomProduction - Browser Started
[INFO ] 2022-10-12 16:36:27.126 [main] PomProduction - This is login page
[INFO ] 2022-10-12 16:36:28.757 [main] PomProduction - Screenshot of taken for the page - Login
[INFO ] 2022-10-12 16:36:31.009 [main] PomProduction - Screenshot of taken for the page - Home
[INFO ] 2022-10-12 16:36:31.510 [main] PomProduction - This is Recognize page
[INFO ] 2022-10-12 16:36:32.651 [main] PomProduction - Screenshot of taken for the page - Home
[INFO ] 2022-10-12 16:36:33.152 [main] PomProduction - This is Feedback page
[INFO ] 2022-10-12 16:36:34.688 [main] PomProduction - Screenshot of taken for the page - Home
[INFO ] 2022-10-12 16:36:35.198 [main] PomProduction - This is Wellness page
[INFO ] 2022-10-12 16:36:36.437 [main] PomProduction - Screenshot of taken for the page - Home
[INFO ] 2022-10-12 16:36:39.134 [main] PomProduction - This is Survey page
[INFO ] 2022-10-12 16:36:40.590 [main] PomProduction - Screenshot of taken for the page - Survey
[INFO ] 2022-10-12 16:36:41.099 [main] PomProduction - This is My Summary page
[INFO ] 2022-10-12 16:36:42.357 [main] PomProduction - Screenshot of taken for the page - Survey
[INFO ] 2022-10-12 16:36:42.869 [main] PomProduction - This is Redeem page
[INFO ] 2022-10-12 16:36:44.060 [main] PomProduction - Screenshot of taken for the page - Survey
[INFO ] 2022-10-12 16:36:44.565 [main] PomProduction - This is Dashboard page
[INFO ] 2022-10-12 16:36:45.748 [main] PomProduction - Screenshot of taken for the page - Survey
[INFO ] 2022-10-12 16:36:46.254 [main] PomProduction - This is Reports page
[INFO ] 2022-10-12 16:36:47.471 [main] PomProduction - Screenshot of taken for the page - Survey
[INFO ] 2022-10-12 16:36:49.183 [main] PomProduction - Screenshot of taken for the page - Survey
[INFO ] 2022-10-12 16:36:50.906 [main] PomProduction - Screenshot of taken for the page - Survey
[INFO ] 2022-10-12 16:36:52.622 [main] PomProduction - Screenshot of taken for the page - Survey
[INFO ] 2022-10-12 16:36:53.137 [main] PomProduction - This is User Login Report page
[INFO ] 2022-10-12 16:36:54.337 [main] PomProduction - Screenshot of taken for the page - Survey
[INFO ] 2022-10-12 16:36:54.844 [main] PomProduction - This is Data Visualization page
[INFO ] 2022-10-12 16:36:56.019 [main] PomProduction - Screenshot of taken for the page - Survey
[INFO ] 2022-10-12 16:37:01.381 [main] PomProduction - This is LogOut page
[INFO ] 2022-10-12 16:37:02.685 [main] PomProduction - Screenshot of taken for the page - Login
[INFO ] 2022-10-12 16:37:04.545 [main] PomProduction - Screenshot of taken for the page - Login
[INFO ] 2022-10-12 16:37:08.026 [main] PomProduction - Browser Closed
[INFO ] 2022-10-12 17:09:35.560 [main] PomProduction - Browser Started
[INFO ] 2022-10-12 17:09:36.618 [main] PomProduction - This is login page
[INFO ] 2022-10-12 17:27:10.500 [main] PomProduction - Browser Started
[INFO ] 2022-10-12 17:27:11.559 [main] PomProduction - This is login page
[INFO ] 2022-10-12 17:27:13.375 [main] PomProduction - Screenshot of taken for the page - Login
[INFO ] 2022-10-12 17:27:15.376 [main] PomProduction - Screenshot of taken for the page - Home
[INFO ] 2022-10-12 17:27:15.878 [main] PomProduction - This is Recognize page
[INFO ] 2022-10-12 17:27:17.329 [main] PomProduction - Screenshot of taken for the page - Home
[INFO ] 2022-10-12 17:27:17.837 [main] PomProduction - This is Feedback page
[INFO ] 2022-10-12 17:27:19.754 [main] PomProduction - Screenshot of taken for the page - Home
[INFO ] 2022-10-12 17:27:20.258 [main] PomProduction - This is Wellness page
[INFO ] 2022-10-12 17:27:21.663 [main] PomProduction - Screenshot of taken for the page - Home
[INFO ] 2022-10-12 17:27:25.139 [main] PomProduction - This is Survey page
[INFO ] 2022-10-12 17:27:26.325 [main] PomProduction - Screenshot of taken for the page - Survey
[INFO ] 2022-10-12 17:27:26.837 [main] PomProduction - This is My Summary page
[INFO ] 2022-10-12 17:27:28.052 [main] PomProduction - Screenshot of taken for the page - Survey
[INFO ] 2022-10-12 17:27:28.566 [main] PomProduction - This is Redeem page
[INFO ] 2022-10-12 17:27:29.720 [main] PomProduction - Screenshot of taken for the page - Survey
[INFO ] 2022-10-12 17:27:30.221 [main] PomProduction - This is Dashboard page
[INFO ] 2022-10-12 17:27:31.411 [main] PomProduction - Screenshot of taken for the page - Survey
[INFO ] 2022-10-12 17:27:31.919 [main] PomProduction - This is Reports page
[INFO ] 2022-10-12 17:27:33.067 [main] PomProduction - Screenshot of taken for the page - Survey
[INFO ] 2022-10-12 17:27:34.738 [main] PomProduction - Screenshot of taken for the page - Survey
[INFO ] 2022-10-12 17:27:36.371 [main] PomProduction - Screenshot of taken for the page - Survey
[INFO ] 2022-10-12 17:27:38.052 [main] PomProduction - Screenshot of taken for the page - Survey
[INFO ] 2022-10-12 17:27:38.554 [main] PomProduction - This is User Login Report page
[INFO ] 2022-10-12 17:27:39.708 [main] PomProduction - Screenshot of taken for the page - Survey
[INFO ] 2022-10-12 17:27:40.210 [main] PomProduction - This is Data Visualization page
[INFO ] 2022-10-12 17:27:41.351 [main] PomProduction - Screenshot of taken for the page - Survey
[INFO ] 2022-10-12 17:27:46.650 [main] PomProduction - This is LogOut page
[INFO ] 2022-10-12 17:27:47.988 [main] PomProduction - Screenshot of taken for the page - Login
[INFO ] 2022-10-12 17:27:49.856 [main] PomProduction - Screenshot of taken for the page - Login
[INFO ] 2022-10-12 17:27:52.178 [main] PomProduction - Browser Closed
[INFO ] 2022-10-12 18:28:45.636 [main] PomProduction - Browser Started
[INFO ] 2022-10-12 18:28:46.694 [main] PomProduction - This is login page
[INFO ] 2022-10-12 18:28:48.877 [main] PomProduction - Screenshot of taken for the page - Login
[INFO ] 2022-10-12 18:28:51.266 [main] PomProduction - Screenshot of taken for the page - Home
[INFO ] 2022-10-12 18:28:51.770 [main] PomProduction - This is Recognize page
[INFO ] 2022-10-12 18:28:53.275 [main] PomProduction - Screenshot of taken for the page - Home
[INFO ] 2022-10-12 18:28:53.792 [main] PomProduction - This is Feedback page
[INFO ] 2022-10-12 18:28:54.976 [main] PomProduction - Screenshot of taken for the page - Home
[INFO ] 2022-10-12 18:28:55.480 [main] PomProduction - This is Wellness page
[INFO ] 2022-10-12 18:28:59.296 [main] PomProduction - Screenshot of taken for the page - Home
[INFO ] 2022-10-12 18:29:02.146 [main] PomProduction - Screenshot of taken for the page - Home
[INFO ] 2022-10-12 18:29:05.507 [main] PomProduction - Browser Closed
[INFO ] 2022-10-13 10:41:45.517 [main] PomProduction - Browser Started
[INFO ] 2022-10-13 10:41:46.578 [main] PomProduction - This is login page
[INFO ] 2022-10-13 10:41:48.156 [main] PomProduction - Screenshot of taken for the page - Login
[INFO ] 2022-10-13 10:41:50.689 [main] PomProduction - Screenshot of taken for the page - Login
[INFO ] 2022-10-13 10:41:51.199 [main] PomProduction - This is Recognize page
[INFO ] 2022-10-13 10:41:52.545 [main] PomProduction - Screenshot of taken for the page - Home
[INFO ] 2022-10-13 10:41:53.051 [main] PomProduction - This is Feedback page
[INFO ] 2022-10-13 10:41:54.168 [main] PomProduction - Screenshot of taken for the page - Home
[INFO ] 2022-10-13 10:41:54.671 [main] PomProduction - This is Wellness page
[INFO ] 2022-10-13 10:41:55.858 [main] PomProduction - Screenshot of taken for the page - Home
[INFO ] 2022-10-13 10:42:00.002 [main] PomProduction - This is Survey page
[INFO ] 2022-10-13 10:42:01.136 [main] PomProduction - Screenshot of taken for the page - Survey
[INFO ] 2022-10-13 10:42:01.648 [main] PomProduction - This is My Summary page
[INFO ] 2022-10-13 10:42:02.750 [main] PomProduction - Screenshot of taken for the page - Survey
[INFO ] 2022-10-13 10:42:03.254 [main] PomProduction - This is Redeem page
[INFO ] 2022-10-13 10:42:04.586 [main] PomProduction - Screenshot of taken for the page - Survey
[INFO ] 2022-10-13 10:42:05.097 [main] PomProduction - This is Dashboard page
[INFO ] 2022-10-13 10:42:06.392 [main] PomProduction - Screenshot of taken for the page - Survey
[INFO ] 2022-10-13 10:42:06.893 [main] PomProduction - This is Reports page
[INFO ] 2022-10-13 10:42:08.124 [main] PomProduction - Screenshot of taken for the page - Survey
[INFO ] 2022-10-13 10:42:09.828 [main] PomProduction - Screenshot of taken for the page - Survey
[INFO ] 2022-10-13 10:42:11.558 [main] PomProduction - Screenshot of taken for the page - Survey
[INFO ] 2022-10-13 10:42:13.246 [main] PomProduction - Screenshot of taken for the page - Survey
[INFO ] 2022-10-13 10:42:13.760 [main] PomProduction - This is User Login Report page
[INFO ] 2022-10-13 10:42:14.956 [main] PomProduction - Screenshot of taken for the page - Survey
[INFO ] 2022-10-13 10:42:15.460 [main] PomProduction - This is Data Visualization page
[INFO ] 2022-10-13 10:42:16.663 [main] PomProduction - Screenshot of taken for the page - Survey
[INFO ] 2022-10-13 10:42:21.962 [main] PomProduction - This is LogOut page
[INFO ] 2022-10-13 10:42:23.120 [main] PomProduction - Screenshot of taken for the page - Login
[INFO ] 2022-10-13 10:42:25.117 [main] PomProduction - Screenshot of taken for the page - Login
[INFO ] 2022-10-13 10:42:27.858 [main] PomProduction - Browser Closed
[INFO ] 2022-10-13 11:24:48.605 [main] PomProduction - Browser Started
[INFO ] 2022-10-13 11:24:49.642 [main] PomProduction - This is login page
[INFO ] 2022-10-13 11:24:50.886 [main] PomProduction - Screenshot of taken for the page - Login
[INFO ] 2022-10-13 11:24:53.411 [main] PomProduction - Screenshot of taken for the page - Login
[INFO ] 2022-10-13 11:24:57.039 [main] PomProduction - Screenshot of taken for the page - Home
[INFO ] 2022-10-13 11:24:59.669 [main] PomProduction - Browser Closed
[INFO ] 2022-10-13 11:29:08.518 [main] PomProduction - Browser Started
[INFO ] 2022-10-13 11:29:09.558 [main] PomProduction - This is login page
[INFO ] 2022-10-13 11:29:11.055 [main] PomProduction - Screenshot of taken for the page - Login
[INFO ] 2022-10-13 11:30:15.473 [main] PomProduction - Browser Started
[INFO ] 2022-10-13 11:30:16.512 [main] PomProduction - This is login page
[INFO ] 2022-10-13 11:30:17.656 [main] PomProduction - Screenshot of taken for the page - Login
[INFO ] 2022-10-13 11:30:19.750 [main] PomProduction - Screenshot of taken for the page - Login
[INFO ] 2022-10-13 11:30:26.410 [main] PomProduction - Screenshot of taken for the page - Login
[INFO ] 2022-10-13 11:30:28.853 [main] PomProduction - Browser Closed
[INFO ] 2022-10-13 11:31:50.955 [main] PomProduction - Browser Started
[INFO ] 2022-10-13 11:31:51.994 [main] PomProduction - This is login page
[INFO ] 2022-10-13 11:31:53.602 [main] PomProduction - Screenshot of taken for the page - Login
[INFO ] 2022-10-13 11:31:55.858 [main] PomProduction - Screenshot of taken for the page - Login
[INFO ] 2022-10-13 11:32:03.075 [main] PomProduction - Screenshot of taken for the page - Home
[INFO ] 2022-10-13 11:32:05.701 [main] PomProduction - Browser Closed
[INFO ] 2022-10-13 11:34:16.495 [main] PomProduction - Browser Started
[INFO ] 2022-10-13 11:34:17.534 [main] PomProduction - This is login page
[INFO ] 2022-10-13 11:34:19.390 [main] PomProduction - Screenshot of taken for the page - Login
[INFO ] 2022-10-13 11:35:37.137 [main] PomProduction - Browser Started
[INFO ] 2022-10-13 11:35:38.167 [main] PomProduction - This is login page
[INFO ] 2022-10-13 11:35:39.382 [main] PomProduction - Screenshot of taken for the page - Login
[INFO ] 2022-10-13 11:35:51.649 [main] PomProduction - Screenshot of taken for the page - Home
[INFO ] 2022-10-13 11:35:55.556 [main] PomProduction - This is Recognize page
[INFO ] 2022-10-13 11:35:56.848 [main] PomProduction - Screenshot of taken for the page - Recognize
[INFO ] 2022-10-13 11:35:58.582 [main] PomProduction - Screenshot of taken for the page - Recognize
[INFO ] 2022-10-13 11:36:01.194 [main] PomProduction - Browser Closed
[INFO ] 2022-10-13 11:37:16.063 [main] PomProduction - Browser Started
[INFO ] 2022-10-13 11:37:17.112 [main] PomProduction - This is login page
[INFO ] 2022-10-13 11:37:22.602 [main] PomProduction - Screenshot of taken for the page - Login
[INFO ] 2022-10-13 11:38:18.796 [main] PomProduction - Screenshot of taken for the page - Home
[INFO ] 2022-10-13 11:38:23.044 [main] PomProduction - This is Recognize page
[INFO ] 2022-10-13 11:38:28.472 [main] PomProduction - Screenshot of taken for the page - Recognize
[INFO ] 2022-10-13 11:38:31.741 [main] PomProduction - This is Feedback page
[INFO ] 2022-10-13 11:38:36.906 [main] PomProduction - Screenshot of taken for the page - Feedback
[INFO ] 2022-10-13 11:38:39.853 [main] PomProduction - This is Wellness page
[INFO ] 2022-10-13 11:38:45.129 [main] PomProduction - Screenshot of taken for the page - Wellness
[INFO ] 2022-10-13 11:38:47.107 [main] PomProduction - This is Survey page
[INFO ] 2022-10-13 11:38:52.273 [main] PomProduction - Screenshot of taken for the page - Survey
[INFO ] 2022-10-13 11:38:54.522 [main] PomProduction - This is My Summary page
[INFO ] 2022-10-13 11:38:59.705 [main] PomProduction - Screenshot of taken for the page - My Summary
[INFO ] 2022-10-13 11:39:03.031 [main] PomProduction - This is Redeem page
[INFO ] 2022-10-13 11:39:08.109 [main] PomProduction - Screenshot of taken for the page - Redeem
[INFO ] 2022-10-13 11:39:08.621 [main] PomProduction - This is Dashboard page
[INFO ] 2022-10-13 11:39:13.687 [main] PomProduction - Screenshot of taken for the page - Redeem
[INFO ] 2022-10-13 11:39:14.197 [main] PomProduction - This is Reports page
[INFO ] 2022-10-13 11:39:19.283 [main] PomProduction - Screenshot of taken for the page - Redeem
[INFO ] 2022-10-13 11:39:24.886 [main] PomProduction - Screenshot of taken for the page - Redeem
[INFO ] 2022-10-13 11:39:30.486 [main] PomProduction - Screenshot of taken for the page - Redeem
[INFO ] 2022-10-13 11:39:36.079 [main] PomProduction - Screenshot of taken for the page - Redeem
[INFO ] 2022-10-13 11:39:36.591 [main] PomProduction - This is User Login Report page
[INFO ] 2022-10-13 11:39:41.692 [main] PomProduction - Screenshot of taken for the page - Redeem
[INFO ] 2022-10-13 11:39:42.197 [main] PomProduction - This is Data Visualization page
[INFO ] 2022-10-13 11:39:47.267 [main] PomProduction - Screenshot of taken for the page - Redeem
[INFO ] 2022-10-13 11:40:02.548 [main] PomProduction - Screenshot of taken for the page - Redeem
[INFO ] 2022-10-13 11:40:04.833 [main] PomProduction - Browser Closed
[INFO ] 2022-10-13 12:03:30.358 [main] PomProduction - Browser Started
[INFO ] 2022-10-13 12:03:31.397 [main] PomProduction - This is login page
[INFO ] 2022-10-13 12:03:36.876 [main] PomProduction - Screenshot of taken for the page - Login
[INFO ] 2022-10-13 12:03:43.482 [main] PomProduction - Screenshot of taken for the page - Home
[INFO ] 2022-10-13 12:03:43.985 [main] PomProduction - This is Recognize page
[INFO ] 2022-10-13 12:03:49.128 [main] PomProduction - Screenshot of taken for the page - Home
[INFO ] 2022-10-13 12:03:49.647 [main] PomProduction - This is Feedback page
[INFO ] 2022-10-13 12:03:54.917 [main] PomProduction - Screenshot of taken for the page - Home
[INFO ] 2022-10-13 12:03:55.427 [main] PomProduction - This is Wellness page
[INFO ] 2022-10-13 12:04:00.732 [main] PomProduction - Screenshot of taken for the page - Home
[INFO ] 2022-10-13 12:04:03.798 [main] PomProduction - This is Survey page
[INFO ] 2022-10-13 12:04:09.003 [main] PomProduction - Screenshot of taken for the page - Survey
[INFO ] 2022-10-13 12:04:09.505 [main] PomProduction - This is My Summary page
[INFO ] 2022-10-13 12:04:14.724 [main] PomProduction - Screenshot of taken for the page - Survey
[INFO ] 2022-10-13 12:04:15.234 [main] PomProduction - This is Redeem page
[INFO ] 2022-10-13 12:04:20.428 [main] PomProduction - Screenshot of taken for the page - Survey
[INFO ] 2022-10-13 12:04:20.944 [main] PomProduction - This is Dashboard page
[INFO ] 2022-10-13 12:04:26.144 [main] PomProduction - Screenshot of taken for the page - Survey
[INFO ] 2022-10-13 12:04:26.650 [main] PomProduction - This is Reports page
[INFO ] 2022-10-13 12:04:31.838 [main] PomProduction - Screenshot of taken for the page - Survey
[INFO ] 2022-10-13 12:04:37.525 [main] PomProduction - Screenshot of taken for the page - Survey
[INFO ] 2022-10-13 12:04:43.209 [main] PomProduction - Screenshot of taken for the page - Survey
[INFO ] 2022-10-13 12:04:48.910 [main] PomProduction - Screenshot of taken for the page - Survey
[INFO ] 2022-10-13 12:04:49.428 [main] PomProduction - This is User Login Report page
[INFO ] 2022-10-13 12:04:54.634 [main] PomProduction - Screenshot of taken for the page - Survey
[INFO ] 2022-10-13 12:04:55.137 [main] PomProduction - This is Data Visualization page
[INFO ] 2022-10-13 12:05:00.333 [main] PomProduction - Screenshot of taken for the page - Survey
[INFO ] 2022-10-13 12:05:15.613 [main] PomProduction - Screenshot of taken for the page - Survey
[INFO ] 2022-10-13 12:05:17.736 [main] PomProduction - Browser Closed
[INFO ] 2022-10-13 12:06:44.227 [main] PomProduction - Browser Started
[INFO ] 2022-10-13 12:06:45.267 [main] PomProduction - This is login page
[INFO ] 2022-10-13 12:06:47.808 [main] PomProduction - Screenshot of taken for the page - Login
[INFO ] 2022-10-13 12:06:51.190 [main] PomProduction - Screenshot of taken for the page - Login
[INFO ] 2022-10-13 12:06:51.701 [main] PomProduction - This is Recognize page
[INFO ] 2022-10-13 12:06:54.039 [main] PomProduction - Screenshot of taken for the page - Login
[INFO ] 2022-10-13 12:06:54.554 [main] PomProduction - This is Feedback page
[INFO ] 2022-10-13 12:07:27.121 [main] PomProduction - Browser Started
[INFO ] 2022-10-13 12:07:28.154 [main] PomProduction - This is login page
[INFO ] 2022-10-13 12:07:30.574 [main] PomProduction - Screenshot of taken for the page - Login
[INFO ] 2022-10-13 12:07:33.666 [main] PomProduction - Screenshot of taken for the page - Home
[INFO ] 2022-10-13 12:07:34.168 [main] PomProduction - This is Recognize page
[INFO ] 2022-10-13 12:07:36.256 [main] PomProduction - Screenshot of taken for the page - Home
[INFO ] 2022-10-13 12:07:36.765 [main] PomProduction - This is Feedback page
[INFO ] 2022-10-13 12:07:39.118 [main] PomProduction - Screenshot of taken for the page - Home
[INFO ] 2022-10-13 12:07:39.629 [main] PomProduction - This is Wellness page
[INFO ] 2022-10-13 12:07:41.843 [main] PomProduction - Screenshot of taken for the page - Home
[INFO ] 2022-10-13 12:07:45.337 [main] PomProduction - This is Survey page
[INFO ] 2022-10-13 12:07:47.605 [main] PomProduction - Screenshot of taken for the page - Survey
[INFO ] 2022-10-13 12:07:48.116 [main] PomProduction - This is My Summary page
[INFO ] 2022-10-13 12:07:50.337 [main] PomProduction - Screenshot of taken for the page - Survey
[INFO ] 2022-10-13 12:07:50.845 [main] PomProduction - This is Redeem page
[INFO ] 2022-10-13 12:07:53.049 [main] PomProduction - Screenshot of taken for the page - Survey
[INFO ] 2022-10-13 12:07:56.504 [main] PomProduction - This is Dashboard page
[INFO ] 2022-10-13 12:08:00.000 [main] PomProduction - Screenshot of taken for the page - Dashboard
[INFO ] 2022-10-13 12:08:03.343 [main] PomProduction - This is Reports page
[INFO ] 2022-10-13 12:08:05.766 [main] PomProduction - Screenshot of taken for the page - Reports
[INFO ] 2022-10-13 12:08:08.394 [main] PomProduction - Screenshot of taken for the page - Reports
[INFO ] 2022-10-13 12:08:11.014 [main] PomProduction - Screenshot of taken for the page - Reports
[INFO ] 2022-10-13 12:08:13.650 [main] PomProduction - Screenshot of taken for the page - Reports
[INFO ] 2022-10-13 12:08:14.159 [main] PomProduction - This is User Login Report page
[INFO ] 2022-10-13 12:08:16.261 [main] PomProduction - Screenshot of taken for the page - Reports
[INFO ] 2022-10-13 12:08:16.773 [main] PomProduction - This is Data Visualization page
[INFO ] 2022-10-13 12:08:18.861 [main] PomProduction - Screenshot of taken for the page - Reports
[INFO ] 2022-10-13 12:08:31.061 [main] PomProduction - Screenshot of taken for the page - Reports
[INFO ] 2022-10-13 12:08:34.199 [main] PomProduction - Browser Closed
[INFO ] 2022-10-13 12:23:15.361 [main] PomProduction - Browser Started
[INFO ] 2022-10-13 12:23:16.409 [main] PomProduction - This is login page
[INFO ] 2022-10-13 12:23:18.853 [main] PomProduction - Screenshot of taken for the page - Login
[INFO ] 2022-10-13 12:23:22.346 [main] PomProduction - Screenshot of taken for the page - Login
[INFO ] 2022-10-13 12:23:22.848 [main] PomProduction - This is Recognize page
[INFO ] 2022-10-13 12:23:25.234 [main] PomProduction - Screenshot of taken for the page - Login
[INFO ] 2022-10-13 12:23:25.750 [main] PomProduction - This is Feedback page
[INFO ] 2022-10-13 12:23:53.053 [main] PomProduction - Browser Started
[INFO ] 2022-10-13 12:23:54.104 [main] PomProduction - This is login page
[INFO ] 2022-10-13 12:23:56.454 [main] PomProduction - Screenshot of taken for the page - Login
[INFO ] 2022-10-13 12:23:59.575 [main] PomProduction - Screenshot of taken for the page - Home
[INFO ] 2022-10-13 12:24:00.089 [main] PomProduction - This is Recognize page
[INFO ] 2022-10-13 12:24:02.174 [main] PomProduction - Screenshot of taken for the page - Home
[INFO ] 2022-10-13 12:24:02.686 [main] PomProduction - This is Feedback page
[INFO ] 2022-10-13 12:24:05.048 [main] PomProduction - Screenshot of taken for the page - Home
[INFO ] 2022-10-13 12:24:05.552 [main] PomProduction - This is Wellness page
[INFO ] 2022-10-13 12:24:07.752 [main] PomProduction - Screenshot of taken for the page - Home
[INFO ] 2022-10-13 12:24:11.173 [main] PomProduction - This is Survey page
[INFO ] 2022-10-13 12:24:13.419 [main] PomProduction - Screenshot of taken for the page - Survey
[INFO ] 2022-10-13 12:24:13.925 [main] PomProduction - This is My Summary page
[INFO ] 2022-10-13 12:24:16.128 [main] PomProduction - Screenshot of taken for the page - Survey
[INFO ] 2022-10-13 12:24:16.630 [main] PomProduction - This is Redeem page
[INFO ] 2022-10-13 12:24:18.858 [main] PomProduction - Screenshot of taken for the page - Survey
[INFO ] 2022-10-13 12:24:21.877 [main] PomProduction - This is Dashboard page
[INFO ] 2022-10-13 12:24:24.729 [main] PomProduction - Screenshot of taken for the page - Dashboard
[INFO ] 2022-10-13 12:24:27.598 [main] PomProduction - This is Reports page
[INFO ] 2022-10-13 12:24:29.893 [main] PomProduction - Screenshot of taken for the page - Reports
[INFO ] 2022-10-13 12:24:32.513 [main] PomProduction - Screenshot of taken for the page - Reports
[INFO ] 2022-10-13 12:24:35.163 [main] PomProduction - Screenshot of taken for the page - Reports
[INFO ] 2022-10-13 12:24:37.862 [main] PomProduction - Browser Closed
[INFO ] 2022-10-13 12:37:57.874 [main] PomProduction - Browser Started
[INFO ] 2022-10-13 12:37:58.923 [main] PomProduction - This is login page
[INFO ] 2022-10-13 12:38:01.448 [main] PomProduction - Screenshot of taken for the page - Login
[INFO ] 2022-10-13 12:38:04.859 [main] PomProduction - Screenshot of taken for the page - Home
[INFO ] 2022-10-13 12:38:05.375 [main] PomProduction - This is Recognize page
[INFO ] 2022-10-13 12:38:07.874 [main] PomProduction - Screenshot of taken for the page - Home
[INFO ] 2022-10-13 12:38:08.376 [main] PomProduction - This is Feedback page
[INFO ] 2022-10-13 12:38:10.478 [main] PomProduction - Screenshot of taken for the page - Home
[INFO ] 2022-10-13 12:38:10.994 [main] PomProduction - This is Wellness page
[INFO ] 2022-10-13 12:38:13.150 [main] PomProduction - Screenshot of taken for the page - Home
[INFO ] 2022-10-13 12:38:15.772 [main] PomProduction - This is Survey page
[INFO ] 2022-10-13 12:38:18.013 [main] PomProduction - Screenshot of taken for the page - Survey
[INFO ] 2022-10-13 12:38:18.525 [main] PomProduction - This is My Summary page
[INFO ] 2022-10-13 12:38:20.787 [main] PomProduction - Screenshot of taken for the page - Survey
[INFO ] 2022-10-13 12:38:21.297 [main] PomProduction - This is Redeem page
[INFO ] 2022-10-13 12:38:23.611 [main] PomProduction - Screenshot of taken for the page - Survey
[INFO ] 2022-10-13 12:38:26.085 [main] PomProduction - This is Dashboard page
[INFO ] 2022-10-13 12:38:28.538 [main] PomProduction - Screenshot of taken for the page - Dashboard
[INFO ] 2022-10-13 12:38:30.599 [main] PomProduction - This is Reports page
[INFO ] 2022-10-13 12:38:32.726 [main] PomProduction - Screenshot of taken for the page - Reports
[INFO ] 2022-10-13 12:38:34.930 [main] PomProduction - This is Budget Head Report page
[INFO ] 2022-10-13 12:38:37.093 [main] PomProduction - Screenshot of taken for the page - Reports
[INFO ] 2022-10-13 12:38:41.666 [main] PomProduction - Screenshot of taken for the page - Reports
[INFO ] 2022-10-13 12:38:44.442 [main] PomProduction - Screenshot of taken for the page - Reports
[INFO ] 2022-10-13 12:38:47.193 [main] PomProduction - Browser Closed
[INFO ] 2022-10-13 12:40:14.374 [main] PomProduction - Browser Started
[INFO ] 2022-10-13 12:40:15.411 [main] PomProduction - This is login page
[INFO ] 2022-10-13 12:40:18.162 [main] PomProduction - Screenshot of taken for the page - Login
[INFO ] 2022-10-13 12:40:21.579 [main] PomProduction - Screenshot of taken for the page - Login
[INFO ] 2022-10-13 12:40:22.086 [main] PomProduction - This is Recognize page
[INFO ] 2022-10-13 12:40:47.696 [main] PomProduction - Browser Started
[INFO ] 2022-10-13 12:40:48.743 [main] PomProduction - This is login page
[INFO ] 2022-10-13 12:40:51.259 [main] PomProduction - Screenshot of taken for the page - Login
[INFO ] 2022-10-13 12:40:54.841 [main] PomProduction - Screenshot of taken for the page - Home
[INFO ] 2022-10-13 12:40:55.351 [main] PomProduction - This is Recognize page
[INFO ] 2022-10-13 12:40:58.806 [main] PomProduction - Screenshot of taken for the page - Home
[INFO ] 2022-10-13 12:40:59.307 [main] PomProduction - This is Feedback page
[INFO ] 2022-10-13 12:41:01.452 [main] PomProduction - Screenshot of taken for the page - Home
[INFO ] 2022-10-13 12:41:01.962 [main] PomProduction - This is Wellness page
[INFO ] 2022-10-13 12:41:04.123 [main] PomProduction - Screenshot of taken for the page - Home
[INFO ] 2022-10-13 12:41:06.718 [main] PomProduction - This is Survey page
[INFO ] 2022-10-13 12:41:08.918 [main] PomProduction - Screenshot of taken for the page - Survey
[INFO ] 2022-10-13 12:41:09.426 [main] PomProduction - This is My Summary page
[INFO ] 2022-10-13 12:41:11.742 [main] PomProduction - Screenshot of taken for the page - Survey
[INFO ] 2022-10-13 12:41:12.250 [main] PomProduction - This is Redeem page
[INFO ] 2022-10-13 12:41:14.527 [main] PomProduction - Screenshot of taken for the page - Survey
[INFO ] 2022-10-13 12:41:17.151 [main] PomProduction - This is Dashboard page
[INFO ] 2022-10-13 12:41:19.535 [main] PomProduction - Screenshot of taken for the page - Dashboard
[INFO ] 2022-10-13 12:41:22.341 [main] PomProduction - This is Reports page
[INFO ] 2022-10-13 12:41:24.463 [main] PomProduction - Screenshot of taken for the page - Reports
[INFO ] 2022-10-13 12:41:27.704 [main] PomProduction - This is Budget Head Report page
[INFO ] 2022-10-13 12:41:29.881 [main] PomProduction - Screenshot of taken for the page - Reports
[INFO ] 2022-10-13 12:41:39.430 [main] PomProduction - Screenshot of taken for the page - Reports
[INFO ] 2022-10-13 12:41:44.768 [main] PomProduction - This is Redemption Report page
[INFO ] 2022-10-13 12:41:46.957 [main] PomProduction - Screenshot of taken for the page - Reports
[INFO ] 2022-10-13 12:41:49.202 [main] PomProduction - This is User Login Report page
[INFO ] 2022-10-13 12:41:51.357 [main] PomProduction - Screenshot of taken for the page - Reports
[INFO ] 2022-10-13 12:41:53.658 [main] PomProduction - This is Data Visualization page
[INFO ] 2022-10-13 12:41:55.763 [main] PomProduction - Screenshot of taken for the page - Visualization Report
[INFO ] 2022-10-13 12:42:08.059 [main] PomProduction - Screenshot of taken for the page - Visualization Report
[INFO ] 2022-10-13 12:42:10.785 [main] PomProduction - Browser Closed
